<?xml version="1.0" encoding="UTF-8"?>
<!-- Generated by org.testng.reporters.JUnitXMLReporter -->
<testsuite ignored="0" hostname="DESKTOP-V5MLE2I" failures="0" tests="4" name="Default test" time="0.113" errors="0" timestamp="2022-03-30T10:23:30 IST">
  <testcase classname="testngdiscussion.PriorityKeyword" name="login" time="0.013"/>
  <testcase classname="testngdiscussion.PriorityKeyword" name="home" time="0.003"/>
  <testcase classname="testngdiscussion.PriorityKeyword" name="dashBoard" time="0.006"/>
  <testcase classname="testngdiscussion.PriorityKeyword" name="profile" time="0.006"/>
</testsuite> <!-- Default test -->
