<?xml version="1.0" encoding="UTF-8"?>
<!-- Generated by org.testng.reporters.JUnitXMLReporter -->
<testsuite ignored="0" hostname="DESKTOP-V5MLE2I" failures="0" tests="20" name="Default test" time="1.811" errors="0" timestamp="2022-04-21T09:34:40 IST">
  <testcase classname="testngdiscussion.DPTest" name="testCase" time="0.013"/>
  <testcase classname="testngdiscussion.DPTest" name="testCase" time="0.003"/>
  <testcase classname="testngdiscussion.DPTest" name="testCase" time="0.001"/>
  <testcase classname="testngdiscussion.DPTest" name="testCase" time="0.002"/>
  <testcase classname="testngdiscussion.DPTest" name="testCase" time="0.001"/>
  <testcase classname="testngdiscussion.DPTest" name="testCase" time="0.002"/>
  <testcase classname="testngdiscussion.DPTest" name="testCase" time="0.001"/>
  <testcase classname="testngdiscussion.DPTest" name="testCase" time="0.002"/>
  <testcase classname="testngdiscussion.DPTest" name="testCase" time="0.002"/>
  <testcase classname="testngdiscussion.DPTest" name="testCase" time="0.004"/>
  <testcase classname="testngdiscussion.DPTest" name="testCase" time="0.003"/>
  <testcase classname="testngdiscussion.DPTest" name="testCase" time="0.001"/>
  <testcase classname="testngdiscussion.DPTest" name="testCase" time="0.002"/>
  <testcase classname="testngdiscussion.DPTest" name="testCase" time="0.017"/>
  <testcase classname="testngdiscussion.DPTest" name="testCase" time="0.002"/>
  <testcase classname="testngdiscussion.DPTest" name="testCase" time="0.004"/>
  <testcase classname="testngdiscussion.DPTest" name="testCase" time="0.002"/>
  <testcase classname="testngdiscussion.DPTest" name="testCase" time="0.015"/>
  <testcase classname="testngdiscussion.DPTest" name="testCase" time="0.008"/>
  <testcase classname="testngdiscussion.DPTest" name="testCase" time="0.007"/>
</testsuite> <!-- Default test -->
