<?xml version="1.0" encoding="UTF-8"?>
<!-- Generated by org.testng.reporters.JUnitXMLReporter -->
<testsuite ignored="0" hostname="DESKTOP-V5MLE2I" failures="1" tests="3" name="ListenerTest tag" time="0.143" errors="0" timestamp="2022-04-07T09:34:59 IST">
  <testcase classname="testngdiscussion.TestNGListeners" name="testCase1" time="0.022">
    <failure type="java.lang.AssertionError" message="expected [true] but found [false]">
      <![CDATA[java.lang.AssertionError: expected [true] but found [false]
at testngdiscussion.TestNGListeners.testCase1(TestNGListeners.java:19)
at java.base/java.util.ArrayList.forEach(ArrayList.java:1511)
... Removed 31 stack frames]]>
    </failure>
  </testcase> <!-- testCase1 -->
  <testcase classname="testngdiscussion.TestNGListeners" name="testCase2" time="0.003"/>
  <testcase classname="testngdiscussion.TestNGListeners" name="testCase3" time="0.0">
    <skipped/>
  </testcase> <!-- testCase3 -->
</testsuite> <!-- ListenerTest tag -->
