<?xml version="1.0" encoding="UTF-8"?>
<!-- Generated by org.testng.reporters.JUnitXMLReporter -->
<testsuite ignored="0" hostname="DESKTOP-V5MLE2I" failures="0" tests="6" name="Test" time="0.19" errors="0" timestamp="2022-04-05T09:17:04 IST">
  <testcase classname="testngdiscussion.ParallelClassExecution1" name="testCase1" time="0.02"/>
  <testcase classname="testngdiscussion.ParallelClassExecution2" name="testCase3" time="0.019"/>
  <testcase classname="testngdiscussion.ParallelClassExecution3" name="testCase5" time="0.02"/>
  <testcase classname="testngdiscussion.ParallelClassExecution3" name="testCase6" time="0.002"/>
  <testcase classname="testngdiscussion.ParallelClassExecution1" name="testCase2" time="0.005"/>
  <testcase classname="testngdiscussion.ParallelClassExecution2" name="testCase4" time="0.005"/>
</testsuite> <!-- Test -->
