<?xml version="1.0" encoding="UTF-8"?>
<!-- Generated by org.testng.reporters.JUnitXMLReporter -->
<testsuite ignored="2" hostname="DESKTOP-V5MLE2I" failures="0" tests="4" name="Test" time="0.116" errors="0" timestamp="2022-04-03T20:11:03 IST">
  <testcase classname="testngdiscussion.GroupingOfTestCase" name="login" time="0.011"/>
  <testcase classname="testngdiscussion.GroupingOfTestCase" name="dashBoard" time="0.002"/>
  <testcase classname="testngdiscussion.GroupingOfTestCase2" name="myInfo" time="0.002"/>
  <testcase classname="testngdiscussion.GroupingOfTestCase2" name="editDetails" time="0.004"/>
  <testcase classname="testngdiscussion.GroupingOfTestCase" name="profile" time="0.0">
    <ignored/>
  </testcase> <!-- profile -->
  <testcase classname="testngdiscussion.GroupingOfTestCase" name="logout" time="0.0">
    <ignored/>
  </testcase> <!-- logout -->
</testsuite> <!-- Test -->
