<?xml version="1.0" encoding="UTF-8"?>
<!-- Generated by org.testng.reporters.JUnitXMLReporter -->
<testsuite ignored="0" hostname="DESKTOP-V5MLE2I" failures="0" tests="5" name="Sequence Test" time="0.267" errors="0" timestamp="2022-03-31T10:06:07 IST">
  <testcase classname="multipleclasstestngexecution.Login" name="loginWithCorrectCreds" time="0.053"/>
  <testcase classname="multipleclasstestngexecution.Login" name="urlVerification" time="0.004"/>
  <testcase classname="multipleclasstestngexecution.DashBoard" name="checkBox" time="0.019"/>
  <testcase classname="multipleclasstestngexecution.DashBoard" name="handlingPopup" time="0.003"/>
  <testcase classname="multipleclasstestngexecution.Profile" name="logout" time="0.003"/>
</testsuite> <!-- Sequence Test -->
