<?xml version="1.0" encoding="UTF-8"?>
<testng-results ignored="0" total="5" passed="5" failed="0" skipped="0">
  <reporter-output>
    <line>
      <![CDATA[This is test case 2]]>
    </line>
    <line>
      <![CDATA[This is test case 1]]>
    </line>
    <line>
      <![CDATA[This is test case next line]]>
    </line>
    <line>
      <![CDATA[check box test case]]>
    </line>
    <line>
      <![CDATA[pop up testcase]]>
    </line>
    <line>
      <![CDATA[Logout test case]]>
    </line>
  </reporter-output>
  <suite started-at="2022-03-31T10:06:06 IST" name="Run multiple classes" finished-at="2022-03-31T10:06:07 IST" duration-ms="267">
    <groups>
    </groups>
    <test started-at="2022-03-31T10:06:06 IST" name="Sequence Test" finished-at="2022-03-31T10:06:07 IST" duration-ms="267">
      <class name="multipleclasstestngexecution.DashBoard">
        <test-method signature="checkBox()[pri:0, instance:multipleclasstestngexecution.DashBoard@7db12bb6]" started-at="2022-03-31T10:06:07 IST" name="checkBox" finished-at="2022-03-31T10:06:07 IST" duration-ms="19" status="PASS">
          <reporter-output>
            <line>
              <![CDATA[check box test case]]>
            </line>
          </reporter-output>
        </test-method> <!-- checkBox -->
        <test-method signature="handlingPopup()[pri:0, instance:multipleclasstestngexecution.DashBoard@7db12bb6]" started-at="2022-03-31T10:06:07 IST" name="handlingPopup" finished-at="2022-03-31T10:06:07 IST" duration-ms="3" status="PASS">
          <reporter-output>
            <line>
              <![CDATA[pop up testcase]]>
            </line>
          </reporter-output>
        </test-method> <!-- handlingPopup -->
      </class> <!-- multipleclasstestngexecution.DashBoard -->
      <class name="multipleclasstestngexecution.Login">
        <test-method signature="loginWithCorrectCreds()[pri:0, instance:multipleclasstestngexecution.Login@51e69659]" started-at="2022-03-31T10:06:07 IST" name="loginWithCorrectCreds" finished-at="2022-03-31T10:06:07 IST" duration-ms="53" status="PASS">
          <reporter-output>
            <line>
              <![CDATA[This is test case 2]]>
            </line>
          </reporter-output>
        </test-method> <!-- loginWithCorrectCreds -->
        <test-method signature="urlVerification()[pri:0, instance:multipleclasstestngexecution.Login@51e69659]" started-at="2022-03-31T10:06:07 IST" name="urlVerification" finished-at="2022-03-31T10:06:07 IST" duration-ms="4" status="PASS">
          <reporter-output>
            <line>
              <![CDATA[This is test case 1]]>
            </line>
            <line>
              <![CDATA[This is test case next line]]>
            </line>
          </reporter-output>
        </test-method> <!-- urlVerification -->
      </class> <!-- multipleclasstestngexecution.Login -->
      <class name="multipleclasstestngexecution.Profile">
        <test-method signature="logout()[pri:0, instance:multipleclasstestngexecution.Profile@783a467b]" started-at="2022-03-31T10:06:07 IST" name="logout" finished-at="2022-03-31T10:06:07 IST" duration-ms="3" status="PASS">
          <reporter-output>
            <line>
              <![CDATA[Logout test case]]>
            </line>
          </reporter-output>
        </test-method> <!-- logout -->
      </class> <!-- multipleclasstestngexecution.Profile -->
    </test> <!-- Sequence Test -->
  </suite> <!-- Run multiple classes -->
</testng-results>
